CMake Error at D:/programs/vcpkg/scripts/buildsystems/vcpkg.cmake:596 (_add_executable):
  Cannot find source file:

    rational_test.cpp
Call Stack (most recent call first):
  prj.test/CMakeLists.txt:7 (add_executable)


CMake Error at D:/programs/vcpkg/scripts/buildsystems/vcpkg.cmake:596 (_add_executable):
  Cannot find source file:

    arrayd_test.cpp
Call Stack (most recent call first):
  prj.test/CMakeLists.txt:10 (add_executable)


CMake Error at D:/programs/vcpkg/scripts/buildsystems/vcpkg.cmake:596 (_add_executable):
  Cannot find source file:

    arrayt_test.cpp
Call Stack (most recent call first):
  prj.test/CMakeLists.txt:13 (add_executable)


CMake Error at D:/programs/vcpkg/scripts/buildsystems/vcpkg.cmake:596 (_add_executable):
  No SOURCES given to target: rational_test
Call Stack (most recent call first):
  prj.test/CMakeLists.txt:7 (add_executable)


CMake Error at D:/programs/vcpkg/scripts/buildsystems/vcpkg.cmake:596 (_add_executable):
  No SOURCES given to target: arrayd_test
Call Stack (most recent call first):
  prj.test/CMakeLists.txt:10 (add_executable)


CMake Error at D:/programs/vcpkg/scripts/buildsystems/vcpkg.cmake:596 (_add_executable):
  No SOURCES given to target: arrayt_test
Call Stack (most recent call first):
  prj.test/CMakeLists.txt:13 (add_executable)


CMake Generate step failed.  Build files cannot be regenerated correctly.
